Using pre-set license
Built from '2020.3/staging' branch; Version is '2020.3.33f1 (915a7af8b0d5) revision 9525882'; Using compiler version '192528614'; Build Type 'Release'
OS: 'Windows 11  (10.0.22621) 64bit Core' Language: 'ko' Physical Memory: 16000 MB
BatchMode: 1, IsHumanControllingUs: 0, StartBugReporterOnCrash: 0, Is64bit: 1, IsPro: 0

COMMAND LINE ARGUMENTS:
C:\Program Files\Unity\Hub\Editor\Unity 2020.3.33f1\Editor\Unity.exe
-adb2
-batchMode
-noUpm
-name
AssetImportWorker0
-projectPath
C:/School/SMProj/02. SnowballFight/SMProj_SnowballFight/SnowballFight_2
-logFile
Logs/AssetImportWorker0.log
-srvPort
63945
Successfully changed project path to: C:/School/SMProj/02. SnowballFight/SMProj_SnowballFight/SnowballFight_2
C:/School/SMProj/02. SnowballFight/SMProj_SnowballFight/SnowballFight_2
Using Asset Import Pipeline V2.
Refreshing native plugins compatible for Editor in 76.85 ms, found 8 plugins.
Preloading 1 native plugins for Editor in 0.75 ms.
Initialize engine version: 2020.3.33f1 (915a7af8b0d5)
[Subsystems] Discovering subsystems at path C:/Program Files/Unity/Hub/Editor/Unity 2020.3.33f1/Editor/Data/Resources/UnitySubsystems
[Subsystems] Discovering subsystems at path C:/School/SMProj/02. SnowballFight/SMProj_SnowballFight/SnowballFight_2/Assets
GfxDevice: creating device client; threaded=0
Direct3D:
    Version:  Direct3D 11.0 [level 11.1]
    Renderer: NVIDIA GeForce RTX 4060 Laptop GPU (ID=0x28e0)
    Vendor:   
    VRAM:     7971 MB
    Driver:   31.0.15.3645
Shader 'Oculus/OVRMRCameraFrameLit': fallback shader 'Alpha-Diffuse' not found
Initialize mono
Mono path[0] = 'C:/Program Files/Unity/Hub/Editor/Unity 2020.3.33f1/Editor/Data/Managed'
Mono path[1] = 'C:/Program Files/Unity/Hub/Editor/Unity 2020.3.33f1/Editor/Data/MonoBleedingEdge/lib/mono/unityjit'
Mono config path = 'C:/Program Files/Unity/Hub/Editor/Unity 2020.3.33f1/Editor/Data/MonoBleedingEdge/etc'
Using monoOptions --debugger-agent=transport=dt_socket,embedding=1,server=y,suspend=n,address=127.0.0.1:56084
Begin MonoManager ReloadAssembly
Registering precompiled unity dll's ...
Register platform support module: C:/Program Files/Unity/Hub/Editor/Unity 2020.3.33f1/Editor/Data/PlaybackEngines/WebGLSupport/UnityEditor.WebGL.Extensions.dll
Register platform support module: C:/Program Files/Unity/Hub/Editor/Unity 2020.3.33f1/Editor/Data/PlaybackEngines/WindowsStandaloneSupport/UnityEditor.WindowsStandalone.Extensions.dll
Registered in 0.002507 seconds.
Native extension for WindowsStandalone target not found
Native extension for WebGL target not found
Refreshing native plugins compatible for Editor in 51.45 ms, found 8 plugins.
Preloading 1 native plugins for Editor in 0.05 ms.
Mono: successfully reloaded assembly
- Completed reload, in  0.410 seconds
Domain Reload Profiling:
	ReloadAssembly (410ms)
		BeginReloadAssembly (58ms)
			ExecutionOrderSort (0ms)
			DisableScriptedObjects (0ms)
			BackupInstance (0ms)
			ReleaseScriptingObjects (0ms)
			CreateAndSetChildDomain (0ms)
		EndReloadAssembly (310ms)
			LoadAssemblies (57ms)
			RebuildTransferFunctionScriptingTraits (0ms)
			SetupTypeCache (84ms)
			ReleaseScriptCaches (0ms)
			RebuildScriptCaches (15ms)
			SetupLoadedEditorAssemblies (129ms)
				LogAssemblyErrors (0ms)
				InitializePlatformSupportModulesInManaged (3ms)
				SetLoadedEditorAssemblies (0ms)
				RefreshPlugins (52ms)
				BeforeProcessingInitializeOnLoad (11ms)
				ProcessInitializeOnLoadAttributes (46ms)
				ProcessInitializeOnLoadMethodAttributes (16ms)
				AfterProcessingInitializeOnLoad (0ms)
				EditorAssembliesLoaded (0ms)
			ExecutionOrderSort2 (0ms)
			AwakeInstancesAfterBackupRestoration (0ms)
Platform modules already initialized, skipping
Registering precompiled user dll's ...
Registered in 0.007793 seconds.
Begin MonoManager ReloadAssembly
Symbol file LoadedFromMemory doesn't match image C:\School\SMProj\02. SnowballFight\SMProj_SnowballFight\SnowballFight_2\Library\PackageCache\com.unity.collab-proxy@1.15.15\Lib\Editor\PlasticSCM\unityplastic.dll
Native extension for WindowsStandalone target not found
Native extension for WebGL target not found
Refreshing native plugins compatible for Editor in 0.72 ms, found 8 plugins.
Preloading 1 native plugins for Editor in 0.05 ms.
[XR] OculusXRPlugin: registering subsystems
[XR] Unable to register display lifecyle provider: [1]
[XR] Oculus Input lifecycle provider registered.
[XR] Unable to register input lifecyle provider: [1]
[XR] OVRP version 1.86.1
Mono: successfully reloaded assembly
- Completed reload, in  0.757 seconds
Domain Reload Profiling:
	ReloadAssembly (758ms)
		BeginReloadAssembly (89ms)
			ExecutionOrderSort (0ms)
			DisableScriptedObjects (3ms)
			BackupInstance (0ms)
			ReleaseScriptingObjects (0ms)
			CreateAndSetChildDomain (14ms)
		EndReloadAssembly (634ms)
			LoadAssemblies (110ms)
			RebuildTransferFunctionScriptingTraits (0ms)
			SetupTypeCache (178ms)
			ReleaseScriptCaches (0ms)
			RebuildScriptCaches (38ms)
			SetupLoadedEditorAssemblies (264ms)
				LogAssemblyErrors (0ms)
				InitializePlatformSupportModulesInManaged (4ms)
				SetLoadedEditorAssemblies (0ms)
				RefreshPlugins (1ms)
				BeforeProcessingInitializeOnLoad (65ms)
				ProcessInitializeOnLoadAttributes (182ms)
				ProcessInitializeOnLoadMethodAttributes (10ms)
				AfterProcessingInitializeOnLoad (3ms)
				EditorAssembliesLoaded (0ms)
			ExecutionOrderSort2 (0ms)
			AwakeInstancesAfterBackupRestoration (3ms)
Platform modules already initialized, skipping
========================================================================
Worker process is ready to serve import requests
Shader 'Oculus/OVRMRCameraFrameLit': fallback shader 'Alpha-Diffuse' not found
Launched and connected shader compiler UnityShaderCompiler.exe after 0.03 seconds
Refreshing native plugins compatible for Editor in 0.83 ms, found 8 plugins.
Preloading 1 native plugins for Editor in 0.05 ms.
Unloading 3454 Unused Serialized files (Serialized files now loaded: 0)
System memory in use before: 157.0 MB.
System memory in use after: 157.2 MB.

Unloading 48 unused Assets to reduce memory usage. Loaded Objects now: 3893.
Total: 2.096100 ms (FindLiveObjects: 0.151500 ms CreateObjectMapping: 0.042500 ms MarkObjects: 1.830100 ms  DeleteObjects: 0.071400 ms)

AssetImportParameters requested are different than current active one (requested -> active):
  custom:framework-win-MediaFoundation: 216162199b28c13a410421893ffa2e32 -> 
  custom:video-decoder-ogg-theora: a1e56fd34408186e4bbccfd4996cb3dc -> 
  custom:container-muxer-webm: aa71ff27fc2769a1b78a27578f13a17b -> 
  custom:container-demuxer-webm: 4f35f7cbe854078d1ac9338744f61a02 -> 
  custom:container-demuxer-ogg: 62fdf1f143b41e24485cea50d1cbac27 -> 
  custom:video-encoder-webm-vp8: eb34c28f22e8b96e1ab97ce403110664 -> 
  custom:video-codec-MediaFoundation-h265: 746d11721c4dcdbdad8f713fa42b33f4 -> 
  custom:video-decoder-webm-vp8: 9c59270c3fd7afecdb556c50c9e8de78 -> 
  custom:audio-decoder-ogg-vorbis: bf7c407c2cedff20999df2af8eb42d56 -> 
  custom:audio-encoder-webm-vorbis: bf7c407c2cedff20999df2af8eb42d56 -> 
========================================================================
Received Import Request.
  path: Assets/00. Scenes/SnowballFight.unity
  artifactKey: Guid(9fc0d4010bbf28b4594072e72b8655ab) Importer(815301076,1909f56bfc062723c751e8b465ee728b)
Start importing Assets/00. Scenes/SnowballFight.unity using Guid(9fc0d4010bbf28b4594072e72b8655ab) Importer(815301076,1909f56bfc062723c751e8b465ee728b)  -> (artifact id: '8e57e5815ca34ba92c6b975f4a4588c4') in 0.016547 seconds 
========================================================================
Received Import Request.
  Time since last request: 262.464106 seconds.
  path: Assets/01. Scripts/GameManager.cs
  artifactKey: Guid(3fed47d33d63b16409b8623f647bda63) Importer(815301076,1909f56bfc062723c751e8b465ee728b)
Start importing Assets/01. Scripts/GameManager.cs using Guid(3fed47d33d63b16409b8623f647bda63) Importer(815301076,1909f56bfc062723c751e8b465ee728b)  -> (artifact id: '1060d8d1001001a0a84b148492c8b02f') in 0.075118 seconds 
========================================================================
Received Import Request.
  Time since last request: 96295.937429 seconds.
  path: Assets/04. Sounds/New Folder
  artifactKey: Guid(5a0dfbb3a97165b4598e6fc2ffdd5648) Importer(815301076,1909f56bfc062723c751e8b465ee728b)
Start importing Assets/04. Sounds/New Folder using Guid(5a0dfbb3a97165b4598e6fc2ffdd5648) Importer(815301076,1909f56bfc062723c751e8b465ee728b)  -> (artifact id: 'a01a73eab215bb281a055d509463ad85') in 0.014783 seconds 
========================================================================
Received Import Request.
  Time since last request: 3.625292 seconds.
  path: Assets/New Terrain.asset
  artifactKey: Guid(d6b545728975aec4f817ccf9c4e62689) Importer(815301076,1909f56bfc062723c751e8b465ee728b)
Start importing Assets/New Terrain.asset using Guid(d6b545728975aec4f817ccf9c4e62689) Importer(815301076,1909f56bfc062723c751e8b465ee728b) The tree tree 5 must use the Nature/Soft Occlusion shader. Otherwise billboarding/lighting will not work correctly.
The tree tree 6 must use the Nature/Soft Occlusion shader. Otherwise billboarding/lighting will not work correctly.
The tree tree 7 must use the Nature/Soft Occlusion shader. Otherwise billboarding/lighting will not work correctly.
The tree tree 8 must use the Nature/Soft Occlusion shader. Otherwise billboarding/lighting will not work correctly.
The tree tree 9 must use the Nature/Soft Occlusion shader. Otherwise billboarding/lighting will not work correctly.
The tree tree 10 must use the Nature/Soft Occlusion shader. Otherwise billboarding/lighting will not work correctly.
The tree tree 11 must use the Nature/Soft Occlusion shader. Otherwise billboarding/lighting will not work correctly.
The tree tree 12 must use the Nature/Soft Occlusion shader. Otherwise billboarding/lighting will not work correctly.
The tree tree 16 must use the Nature/Soft Occlusion shader. Otherwise billboarding/lighting will not work correctly.
 -> (artifact id: '4e53c06e33dccc86f4a5c5299b098036') in 0.292587 seconds 
========================================================================
Received Import Request.
  Time since last request: 8.971921 seconds.
  path: Assets/03. Images
  artifactKey: Guid(40e6ecbceae960e479c481f73543cb4b) Importer(815301076,1909f56bfc062723c751e8b465ee728b)
Start importing Assets/03. Images using Guid(40e6ecbceae960e479c481f73543cb4b) Importer(815301076,1909f56bfc062723c751e8b465ee728b)  -> (artifact id: 'e5cd34cf205d9b539b917bbc6823347d') in 0.019213 seconds 
========================================================================
Received Import Request.
  Time since last request: 14.531379 seconds.
  path: Assets/03. Images/Senario Scenes
  artifactKey: Guid(5609604ef241bcb45b794370c865bc9e) Importer(815301076,1909f56bfc062723c751e8b465ee728b)
Start importing Assets/03. Images/Senario Scenes using Guid(5609604ef241bcb45b794370c865bc9e) Importer(815301076,1909f56bfc062723c751e8b465ee728b)  -> (artifact id: '44292424dc4ef92a3e551fb21c2c64be') in 0.017658 seconds 
========================================================================
Received Import Request.
  Time since last request: 7.696029 seconds.
  path: Assets/03. Images/How to Play Images
  artifactKey: Guid(d575773e54706a04fb236848d4b0b63f) Importer(815301076,1909f56bfc062723c751e8b465ee728b)
Start importing Assets/03. Images/How to Play Images using Guid(d575773e54706a04fb236848d4b0b63f) Importer(815301076,1909f56bfc062723c751e8b465ee728b)  -> (artifact id: 'f23ead5578a1f58057ba3f2e5632a2d7') in 0.019948 seconds 
========================================================================
Received Import Request.
  Time since last request: 8.405820 seconds.
  path: Assets/03. Images/Senario Images
  artifactKey: Guid(5609604ef241bcb45b794370c865bc9e) Importer(815301076,1909f56bfc062723c751e8b465ee728b)
Start importing Assets/03. Images/Senario Images using Guid(5609604ef241bcb45b794370c865bc9e) Importer(815301076,1909f56bfc062723c751e8b465ee728b)  -> (artifact id: '44b62e572b010225abc72dd838454579') in 0.016148 seconds 
========================================================================
Received Import Request.
  Time since last request: 19.875875 seconds.
  path: Assets/03. Images/Senario Images/#1.png
  artifactKey: Guid(de24b6be73e95f544b62c1fc89fa5698) Importer(815301076,1909f56bfc062723c751e8b465ee728b)
Start importing Assets/03. Images/Senario Images/#1.png using Guid(de24b6be73e95f544b62c1fc89fa5698) Importer(815301076,1909f56bfc062723c751e8b465ee728b)  -> (artifact id: '24986483d8cff051ff25ec573d676ad0') in 0.086263 seconds 
========================================================================
Received Import Request.
  Time since last request: 0.000241 seconds.
  path: Assets/03. Images/Senario Images/#6.png
  artifactKey: Guid(0479f76c6f7f51e40887399fcf84da5c) Importer(815301076,1909f56bfc062723c751e8b465ee728b)
Start importing Assets/03. Images/Senario Images/#6.png using Guid(0479f76c6f7f51e40887399fcf84da5c) Importer(815301076,1909f56bfc062723c751e8b465ee728b)  -> (artifact id: '2e93038110a6652123b94dba2e97649e') in 0.022578 seconds 
========================================================================
Received Import Request.
  Time since last request: 0.000189 seconds.
  path: Assets/03. Images/Senario Images/#2.png
  artifactKey: Guid(afb27a9bbcbc92f42a74df33e572a4df) Importer(815301076,1909f56bfc062723c751e8b465ee728b)
Start importing Assets/03. Images/Senario Images/#2.png using Guid(afb27a9bbcbc92f42a74df33e572a4df) Importer(815301076,1909f56bfc062723c751e8b465ee728b)  -> (artifact id: 'da20c5786a23c9253f3047e0c4e645d7') in 0.026842 seconds 
========================================================================
Received Import Request.
  Time since last request: 0.000258 seconds.
  path: Assets/03. Images/Senario Images/#4.png
  artifactKey: Guid(29a24807f71ca5549ba202f22217960d) Importer(815301076,1909f56bfc062723c751e8b465ee728b)
Start importing Assets/03. Images/Senario Images/#4.png using Guid(29a24807f71ca5549ba202f22217960d) Importer(815301076,1909f56bfc062723c751e8b465ee728b)  -> (artifact id: '9f37970cef5f3e44727b67f0fbf8e5af') in 0.024924 seconds 
========================================================================
Received Import Request.
  Time since last request: 0.000176 seconds.
  path: Assets/03. Images/Senario Images/#5.png
  artifactKey: Guid(872d3ca287a2fe74288095831362b100) Importer(815301076,1909f56bfc062723c751e8b465ee728b)
Start importing Assets/03. Images/Senario Images/#5.png using Guid(872d3ca287a2fe74288095831362b100) Importer(815301076,1909f56bfc062723c751e8b465ee728b)  -> (artifact id: '8dae5845ccfcfe997c9ed66cf38cb067') in 0.021529 seconds 
========================================================================
Received Import Request.
  Time since last request: 0.000420 seconds.
  path: Assets/03. Images/Senario Images/#3.png
  artifactKey: Guid(cf5f6cf6ab010c84bbeaac7276d65d44) Importer(815301076,1909f56bfc062723c751e8b465ee728b)
Start importing Assets/03. Images/Senario Images/#3.png using Guid(cf5f6cf6ab010c84bbeaac7276d65d44) Importer(815301076,1909f56bfc062723c751e8b465ee728b)  -> (artifact id: 'bff4029f34dcf2dfecdc5e5b67a89b95') in 0.025754 seconds 
========================================================================
Received Import Request.
  Time since last request: 21.545931 seconds.
  path: Assets/03. Images/How to Play Images/HTP#1.png
  artifactKey: Guid(be42107dea44ce84998cca8988d4f964) Importer(815301076,1909f56bfc062723c751e8b465ee728b)
Start importing Assets/03. Images/How to Play Images/HTP#1.png using Guid(be42107dea44ce84998cca8988d4f964) Importer(815301076,1909f56bfc062723c751e8b465ee728b)  -> (artifact id: 'f09e983a9deb9e10da5af53b3ca6877c') in 0.031049 seconds 
========================================================================
Received Import Request.
  Time since last request: 0.000391 seconds.
  path: Assets/03. Images/How to Play Images/HTP#2.png
  artifactKey: Guid(bbe1eadc44cd12046b482df843671fda) Importer(815301076,1909f56bfc062723c751e8b465ee728b)
Start importing Assets/03. Images/How to Play Images/HTP#2.png using Guid(bbe1eadc44cd12046b482df843671fda) Importer(815301076,1909f56bfc062723c751e8b465ee728b)  -> (artifact id: '5b3ada0218b685ea6049d7889a7dfc46') in 0.029271 seconds 
========================================================================
Received Import Request.
  Time since last request: 0.000336 seconds.
  path: Assets/03. Images/How to Play Images/HTP#3.png
  artifactKey: Guid(9e1520f6a2c6ec24b8c0c4d8edd141c6) Importer(815301076,1909f56bfc062723c751e8b465ee728b)
Start importing Assets/03. Images/How to Play Images/HTP#3.png using Guid(9e1520f6a2c6ec24b8c0c4d8edd141c6) Importer(815301076,1909f56bfc062723c751e8b465ee728b)  -> (artifact id: 'eb795e4f34b96613816c9d0df92ddadc') in 0.024326 seconds 
========================================================================
Received Import Request.
  Time since last request: 3553.306838 seconds.
  path: Assets/00. Scenes/Lobby.unity
  artifactKey: Guid(73a56b60e4dd44242a11926e6873f0b6) Importer(815301076,1909f56bfc062723c751e8b465ee728b)
Start importing Assets/00. Scenes/Lobby.unity using Guid(73a56b60e4dd44242a11926e6873f0b6) Importer(815301076,1909f56bfc062723c751e8b465ee728b)  -> (artifact id: '49c9a7582a150938104b1875552f3764') in 0.021303 seconds 
========================================================================
Received Import Request.
  Time since last request: 60.974932 seconds.
  path: Assets/00. Scenes/Lobby.unity
  artifactKey: Guid(73a56b60e4dd44242a11926e6873f0b6) Importer(815301076,1909f56bfc062723c751e8b465ee728b)
Start importing Assets/00. Scenes/Lobby.unity using Guid(73a56b60e4dd44242a11926e6873f0b6) Importer(815301076,1909f56bfc062723c751e8b465ee728b)  -> (artifact id: '71a92439273f9e1acd17451d74c84316') in 0.001860 seconds 
AssetImportWorkerClient::OnTransportError - code=2 error=End of file
